<?xml version="1.0" encoding="UTF-8"?>
<!-- Generated by org.testng.reporters.JUnitReportReporter -->
<testsuite hostname="Mohan" name="qsp.MavenProjectDemo1" tests="1" failures="0" timestamp="2 Feb 2018 17:24:03 GMT" time="0.013" errors="0">
  <testcase name="mavenDemo2" time="0.013" classname="qsp.MavenProjectDemo1"/>
</testsuite> <!-- qsp.MavenProjectDemo1 -->
