<?xml version="1.0" encoding="UTF-8"?>
<!-- Generated by org.testng.reporters.JUnitReportReporter -->
<testsuite hostname="Mohan" name="qsp.MavenProjectDemo1" tests="1" failures="0" timestamp="7 Feb 2018 12:56:52 GMT" time="39.942" errors="0">
  <testcase name="mavenDemo2" time="39.942" classname="qsp.MavenProjectDemo1"/>
</testsuite> <!-- qsp.MavenProjectDemo1 -->
