<?xml version="1.0" encoding="UTF-8"?>
<!-- Generated by org.testng.reporters.JUnitReportReporter -->
<testsuite hostname="Mohan" name="qsp.MavenProjectDemo1" tests="1" failures="0" timestamp="7 Feb 2018 10:56:56 GMT" time="0.016" errors="0">
  <testcase name="mavenDemo2" time="0.016" classname="qsp.MavenProjectDemo1"/>
</testsuite> <!-- qsp.MavenProjectDemo1 -->
